<?xml version="1.0" encoding="UTF-8"?>
<!-- Generated by org.testng.reporters.JUnitReportReporter -->
<testsuite hostname="priya" name="Sample.Sample.sample2" tests="1" failures="0" timestamp="9 Jul 2018 04:33:24 GMT" time="8.617" errors="0">
  <testcase name="launchbrowser" time="8.617" classname="Sample.Sample.sample2"/>
</testsuite> <!-- Sample.Sample.sample2 -->
