<?xml version="1.0" encoding="UTF-8"?>
<!-- Generated by org.testng.reporters.JUnitReportReporter -->
<testsuite hostname="priya" name="Sample.Sample.Sample1" tests="1" failures="0" timestamp="8 Jul 2018 20:40:14 GMT" time="11.935" errors="0">
  <testcase name="launchBrowser" time="11.935" classname="Sample.Sample.Sample1"/>
</testsuite> <!-- Sample.Sample.Sample1 -->
